gettext-runtime-0.17-1
gettext-runtime-dev-0.17-1
glib_2.24.0-2_win32
glib-dev_2.24.0-2_win32
pkg-config_0.23-3_win32
pkg-config-dev_0.23-3_win32
atk_1.30.0-1_win32
atk-dev_1.30.0-1_win32
pango_1.28.0-1_win32
pango-dev_1.28.0-1_win32
cairo_1.8.10-3_win32
cairo-dev_1.8.10-3_win32
fontconfig_2.8.0-2_win32
fontconfig-dev_2.8.0-2_win32
expat_2.0.1-1_win32
expat-dev_2.0.1-1_win32
freetype_2.3.12-1_win32
freetype-dev_2.3.12-1_win32
libpng_1.4.0-1_win32
libpng-dev_1.4.0-1_win32
zlib_1.2.4-1_win32
zlib-dev_1.2.4-1_win32
gtk+_2.20.0-1_win32
gtk+-dev_2.20.0-1_win32
